Using pre-set license

 COMMAND LINE ARGUMENTS:
/Applications/Unity/Hub/Editor/2020.2.3f1/Unity.app/Contents/MacOS/Unity
-adb2
-batchMode
-noUpm
-name
AssetImportWorker0
-projectPath
/Users/mizukitakayama/Downloads/2021春横浜/CheckWork
-logFile
Logs/AssetImportWorker0.log
-srvPort
50851
Successfully changed project path to: /Users/mizukitakayama/Downloads/2021春横浜/CheckWork
/Users/mizukitakayama/Downloads/2021春横浜/CheckWork
Using Asset Import Pipeline V2.
Refreshing native plugins compatible for Editor in 41.05 ms, found 2 plugins.
Preloading 0 native plugins for Editor in 0.00 ms.
Initialize engine version: 2020.2.3f1 (8ff31bc5bf5b)
[Subsystems] Discovering subsystems at path /Applications/Unity/Hub/Editor/2020.2.3f1/Unity.app/Contents/Resources/UnitySubsystems
[Subsystems] Discovering subsystems at path /Users/mizukitakayama/Downloads/2021春横浜/CheckWork/Assets
GfxDevice: creating device client; threaded=0
2021-06-08 20:02:52.228 Unity[1452:47457] Color LCD preferred device: Intel(R) Iris(TM) Plus Graphics (low power)
2021-06-08 20:02:52.228 Unity[1452:47457] Metal devices available: 1
2021-06-08 20:02:52.228 Unity[1452:47457] 0: Intel(R) Iris(TM) Plus Graphics (low power)
2021-06-08 20:02:52.228 Unity[1452:47457] Using device Intel(R) Iris(TM) Plus Graphics (low power)
Initializing Metal device caps: Intel(R) Iris(TM) Plus Graphics
Initialize mono
Mono path[0] = '/Applications/Unity/Hub/Editor/2020.2.3f1/Unity.app/Contents/Managed'
Mono path[1] = '/Applications/Unity/Hub/Editor/2020.2.3f1/Unity.app/Contents/MonoBleedingEdge/lib/mono/unityjit'
Mono config path = '/Applications/Unity/Hub/Editor/2020.2.3f1/Unity.app/Contents/MonoBleedingEdge/etc'
Using monoOptions --debugger-agent=transport=dt_socket,embedding=1,server=y,suspend=n,address=127.0.0.1:56452
Begin MonoManager ReloadAssembly
Registering precompiled unity dll's ...
Register platform support module: /Applications/Unity/Hub/Editor/2020.2.3f1/Unity.app/Contents/PlaybackEngines/MacStandaloneSupport/UnityEditor.OSXStandalone.Extensions.dll
Registered in 0.003785 seconds.
Native extension for OSXStandalone target not found
Refreshing native plugins compatible for Editor in 32.61 ms, found 2 plugins.
Preloading 0 native plugins for Editor in 0.00 ms.
Invoked RoslynAnalysisRunner static constructor.
RoslynAnalysisRunner will not be running.
RoslynAnalysisRunner has terminated.
Mono: successfully reloaded assembly
- Completed reload, in  2.678 seconds
Platform modules already initialized, skipping
Registering precompiled user dll's ...
Registered in 0.003035 seconds.
Begin MonoManager ReloadAssembly
Native extension for OSXStandalone target not found
Refreshing native plugins compatible for Editor in 35.38 ms, found 2 plugins.
Preloading 0 native plugins for Editor in 0.00 ms.
Invoked RoslynAnalysisRunner static constructor.
RoslynAnalysisRunner will not be running.
RoslynAnalysisRunner has terminated.
Mono: successfully reloaded assembly
- Completed reload, in  1.084 seconds
Platform modules already initialized, skipping
========================================================================
Worker process is ready to serve import requests
Launching external process: /Applications/Unity/Hub/Editor/2020.2.3f1/Unity.app/Contents/Tools/UnityShaderCompiler
Launched and connected shader compiler UnityShaderCompiler after 0.01 seconds
Refreshing native plugins compatible for Editor in 0.31 ms, found 2 plugins.
Preloading 0 native plugins for Editor in 0.00 ms.
Unloading 1800 Unused Serialized files (Serialized files now loaded: 0)
System memory in use before: 148.4 MB.
System memory in use after: 148.3 MB.

Unloading 24 unused Assets to reduce memory usage. Loaded Objects now: 2243.
Total: 2.494137 ms (FindLiveObjects: 0.238333 ms CreateObjectMapping: 0.092018 ms MarkObjects: 2.029074 ms  DeleteObjects: 0.133171 ms)

========================================================================
Received Import Request.
  path: Assets/2D SpritePack/2DPlatformerPack/Spruce_2.png
  artifactKey: Guid(44882031f4e67164eb44dae6f7b37b10) Importer(815301076,1909f56bfc062723c751e8b465ee728b)
Start importing Assets/2D SpritePack/2DPlatformerPack/Spruce_2.png using Guid(44882031f4e67164eb44dae6f7b37b10) Importer(815301076,1909f56bfc062723c751e8b465ee728b)  -> (artifact id: 'd3d21dfcea209b7be9476d065b8b0c89') in 1.282397 seconds
  Import took 1.289465 seconds .

========================================================================
Received Import Request.
  Time since last request: 0.003222 seconds.
  path: Assets/2D SpritePack/2DPlatformerPack/Saw_3.png
  artifactKey: Guid(d2c99a1e8c017bf408f410f27bbc631f) Importer(815301076,1909f56bfc062723c751e8b465ee728b)
Start importing Assets/2D SpritePack/2DPlatformerPack/Saw_3.png using Guid(d2c99a1e8c017bf408f410f27bbc631f) Importer(815301076,1909f56bfc062723c751e8b465ee728b)  -> (artifact id: 'a64cfb8e6d32c83dff67f9ac88266ba8') in 0.019831 seconds
  Import took 0.023792 seconds .

========================================================================
Received Import Request.
  Time since last request: 0.002038 seconds.
  path: Assets/Wizard - 2D Character/Demo/WizDemo1.cs
  artifactKey: Guid(e25edea5f4d77c74d828874c56cf37e9) Importer(815301076,1909f56bfc062723c751e8b465ee728b)
Start importing Assets/Wizard - 2D Character/Demo/WizDemo1.cs using Guid(e25edea5f4d77c74d828874c56cf37e9) Importer(815301076,1909f56bfc062723c751e8b465ee728b)  -> (artifact id: 'e661eee48401390d2a5f7cea7ab12435') in 3.423412 seconds
  Import took 3.427638 seconds .

========================================================================
Received Import Request.
  Time since last request: 0.002199 seconds.
  path: Assets/2D SpritePack/2DPlatformerPack/Bush_1.png
  artifactKey: Guid(b35f8839f2f5ff34dadac49db1c75792) Importer(815301076,1909f56bfc062723c751e8b465ee728b)
Start importing Assets/2D SpritePack/2DPlatformerPack/Bush_1.png using Guid(b35f8839f2f5ff34dadac49db1c75792) Importer(815301076,1909f56bfc062723c751e8b465ee728b)  -> (artifact id: '44f30b8ab3e975f9ea1372ae0edd253d') in 0.013594 seconds
  Import took 0.017819 seconds .

========================================================================
Received Import Request.
  Time since last request: 0.002119 seconds.
  path: Assets/2D SpritePack/2DPlatformerPack/Cactus_2.png
  artifactKey: Guid(b7b2431a3cad5b143a45703898abe562) Importer(815301076,1909f56bfc062723c751e8b465ee728b)
Start importing Assets/2D SpritePack/2DPlatformerPack/Cactus_2.png using Guid(b7b2431a3cad5b143a45703898abe562) Importer(815301076,1909f56bfc062723c751e8b465ee728b)  -> (artifact id: '257af4545658664f9cf8359c351ee20f') in 0.011242 seconds
  Import took 0.015815 seconds .

========================================================================
Received Import Request.
  Time since last request: 0.002095 seconds.
  path: Assets/2D SpritePack/2DPlatformerPack/Stone_2.png
  artifactKey: Guid(7370f989e39a2ac428ea607ea701a7f1) Importer(815301076,1909f56bfc062723c751e8b465ee728b)
Start importing Assets/2D SpritePack/2DPlatformerPack/Stone_2.png using Guid(7370f989e39a2ac428ea607ea701a7f1) Importer(815301076,1909f56bfc062723c751e8b465ee728b)  -> (artifact id: '2321e7b847156048ed3f9fd4356cc2c2') in 0.011791 seconds
  Import took 0.016666 seconds .

========================================================================
Received Import Request.
  Time since last request: 0.002174 seconds.
  path: Assets/2D SpritePack/2DPlatformerPack/Tree_1.png
  artifactKey: Guid(30a0da852442b8745ba471234f01ed22) Importer(815301076,1909f56bfc062723c751e8b465ee728b)
Start importing Assets/2D SpritePack/2DPlatformerPack/Tree_1.png using Guid(30a0da852442b8745ba471234f01ed22) Importer(815301076,1909f56bfc062723c751e8b465ee728b)  -> (artifact id: 'a047856ab4e19ceab512a903d0594880') in 0.014241 seconds
  Import took 0.018668 seconds .

========================================================================
Received Import Request.
  Time since last request: 0.003144 seconds.
  path: Assets/2D SpritePack/2DPlatformerPack/Stone_1.png
  artifactKey: Guid(1ca187d7c1ead76428a4ed55eb317f2c) Importer(815301076,1909f56bfc062723c751e8b465ee728b)
Start importing Assets/2D SpritePack/2DPlatformerPack/Stone_1.png using Guid(1ca187d7c1ead76428a4ed55eb317f2c) Importer(815301076,1909f56bfc062723c751e8b465ee728b)  -> (artifact id: 'd6eedaf10a71592841ef238c3fa2c6fb') in 0.032053 seconds
  Import took 0.036776 seconds .

========================================================================
Received Import Request.
  Time since last request: 0.001988 seconds.
  path: Assets/2D SpritePack/Demo/Prefabs/Island_2.prefab
  artifactKey: Guid(6d44212a1775bed4c83b0c2d5e0667b6) Importer(815301076,1909f56bfc062723c751e8b465ee728b)
Start importing Assets/2D SpritePack/Demo/Prefabs/Island_2.prefab using Guid(6d44212a1775bed4c83b0c2d5e0667b6) Importer(815301076,1909f56bfc062723c751e8b465ee728b)  -> (artifact id: '7d7b6fc03cef93934231227c184a8fe7') in 1.296588 seconds
  Import took 1.302483 seconds .

========================================================================
Received Import Request.
  Time since last request: 0.002037 seconds.
  path: Assets/2D SpritePack/2DPlatformerPack/Grass.png
  artifactKey: Guid(3f7be6795839fcb4d9ac955a8d273c75) Importer(815301076,1909f56bfc062723c751e8b465ee728b)
Start importing Assets/2D SpritePack/2DPlatformerPack/Grass.png using Guid(3f7be6795839fcb4d9ac955a8d273c75) Importer(815301076,1909f56bfc062723c751e8b465ee728b)  -> (artifact id: '67039d339f98a9843412f2a6dc6ecfdd') in 0.016786 seconds
  Import took 0.020213 seconds .

========================================================================
Received Import Request.
  Time since last request: 0.002084 seconds.
  path: Assets/2D SpritePack/2DPlatformerPack/Platform_3.png
  artifactKey: Guid(bb6356c39a7069447b7183dff2d646c9) Importer(815301076,1909f56bfc062723c751e8b465ee728b)
Start importing Assets/2D SpritePack/2DPlatformerPack/Platform_3.png using Guid(bb6356c39a7069447b7183dff2d646c9) Importer(815301076,1909f56bfc062723c751e8b465ee728b)  -> (artifact id: '22c41b302bf49a98cc79adcf2eb6fdae') in 0.010544 seconds
  Import took 0.013459 seconds .

========================================================================
Received Import Request.
  Time since last request: 0.002204 seconds.
  path: Assets/2D SpritePack/2DPlatformerPack/Mountain_2.png
  artifactKey: Guid(07151b65ff486ce4eb70c0a61df60b74) Importer(815301076,1909f56bfc062723c751e8b465ee728b)
Start importing Assets/2D SpritePack/2DPlatformerPack/Mountain_2.png using Guid(07151b65ff486ce4eb70c0a61df60b74) Importer(815301076,1909f56bfc062723c751e8b465ee728b)  -> (artifact id: 'b820f1b3dd6dc434567533f25726e512') in 0.024902 seconds
  Import took 0.030428 seconds .

========================================================================
Received Import Request.
  Time since last request: 0.002071 seconds.
  path: Assets/2D SpritePack/Demo/Prefabs/Character.prefab
  artifactKey: Guid(7e7029a2c4bda8d43842eb0568e6c75a) Importer(815301076,1909f56bfc062723c751e8b465ee728b)
Start importing Assets/2D SpritePack/Demo/Prefabs/Character.prefab using Guid(7e7029a2c4bda8d43842eb0568e6c75a) Importer(815301076,1909f56bfc062723c751e8b465ee728b)  -> (artifact id: '6db7e80d3085c6acd6d787b0b442df0b') in 0.020286 seconds
  Import took 0.024918 seconds .

========================================================================
Received Import Request.
  Time since last request: 0.002058 seconds.
  path: Assets/Wizard.prefab
  artifactKey: Guid(b8c7de96109b446d78808039196149a5) Importer(815301076,1909f56bfc062723c751e8b465ee728b)
Start importing Assets/Wizard.prefab using Guid(b8c7de96109b446d78808039196149a5) Importer(815301076,1909f56bfc062723c751e8b465ee728b)  -> (artifact id: 'f8ad42d2995fb4662dd752c149c0d966') in 0.051295 seconds
  Import took 0.055922 seconds .

========================================================================
Received Import Request.
  Time since last request: 0.002930 seconds.
  path: Assets/Wizard - 2D Character/Animations/Hurt.anim
  artifactKey: Guid(2425d4e573562684a87ff13b41742e49) Importer(815301076,1909f56bfc062723c751e8b465ee728b)
Start importing Assets/Wizard - 2D Character/Animations/Hurt.anim using Guid(2425d4e573562684a87ff13b41742e49) Importer(815301076,1909f56bfc062723c751e8b465ee728b)  -> (artifact id: '4870db39ca030db77f4e9182f5be03ff') in 0.352297 seconds
  Import took 0.355838 seconds .

========================================================================
Received Import Request.
  Time since last request: 0.004814 seconds.
  path: Assets/2D SpritePack/2DPlatformerPack/Box.png
  artifactKey: Guid(21c7be17d25f23345ade31a8658b7532) Importer(815301076,1909f56bfc062723c751e8b465ee728b)
Start importing Assets/2D SpritePack/2DPlatformerPack/Box.png using Guid(21c7be17d25f23345ade31a8658b7532) Importer(815301076,1909f56bfc062723c751e8b465ee728b)  -> (artifact id: '71b2ece95b388c3b885d626eae3a0a76') in 0.026179 seconds
  Import took 0.032391 seconds .

========================================================================
Received Import Request.
  Time since last request: 0.003083 seconds.
  path: Assets/2D SpritePack/2DPlatformerPack/Tree_4.png
  artifactKey: Guid(09b481fa827f62b4986bcd622ad82a9a) Importer(815301076,1909f56bfc062723c751e8b465ee728b)
Start importing Assets/2D SpritePack/2DPlatformerPack/Tree_4.png using Guid(09b481fa827f62b4986bcd622ad82a9a) Importer(815301076,1909f56bfc062723c751e8b465ee728b)  -> (artifact id: 'd5ac483bfb10aa1ff8429ddbc425a746') in 0.043750 seconds
  Import took 0.050341 seconds .

========================================================================
Received Import Request.
  Time since last request: 0.001911 seconds.
  path: Assets/2D SpritePack/2DPlatformerPack/Spruce_1.png
  artifactKey: Guid(32dd35b7a311b5e449085a0167ae0974) Importer(815301076,1909f56bfc062723c751e8b465ee728b)
Start importing Assets/2D SpritePack/2DPlatformerPack/Spruce_1.png using Guid(32dd35b7a311b5e449085a0167ae0974) Importer(815301076,1909f56bfc062723c751e8b465ee728b)  -> (artifact id: '06867eb05c80403df835dbd4f426b7d5') in 0.019163 seconds
  Import took 0.023405 seconds .

========================================================================
Received Import Request.
  Time since last request: 0.004772 seconds.
  path: Assets/Wizard - 2D Character/Animations/Jump.anim
  artifactKey: Guid(df813b4e9a2cc13479b136568242ce42) Importer(815301076,1909f56bfc062723c751e8b465ee728b)
Start importing Assets/Wizard - 2D Character/Animations/Jump.anim using Guid(df813b4e9a2cc13479b136568242ce42) Importer(815301076,1909f56bfc062723c751e8b465ee728b)  -> (artifact id: 'e87db71a1e8506647667792d1a62265a') in 0.007067 seconds
  Import took 0.012044 seconds .

========================================================================
Received Import Request.
  Time since last request: 0.002630 seconds.
  path: Assets/2D SpritePack/2DPlatformerPack/HeroTest.png
  artifactKey: Guid(b7a06439e118dc8418a8b39f7af8f91a) Importer(815301076,1909f56bfc062723c751e8b465ee728b)
Start importing Assets/2D SpritePack/2DPlatformerPack/HeroTest.png using Guid(b7a06439e118dc8418a8b39f7af8f91a) Importer(815301076,1909f56bfc062723c751e8b465ee728b)  -> (artifact id: '1242e471bd9c71fbda58137a836b63a0') in 0.013940 seconds
  Import took 0.019226 seconds .

========================================================================
Received Import Request.
  Time since last request: 0.002701 seconds.
  path: Assets/Wizard - 2D Character/Demo/SimplePlayerController.cs
  artifactKey: Guid(741f30960d63a984c904285d23069b75) Importer(815301076,1909f56bfc062723c751e8b465ee728b)
Start importing Assets/Wizard - 2D Character/Demo/SimplePlayerController.cs using Guid(741f30960d63a984c904285d23069b75) Importer(815301076,1909f56bfc062723c751e8b465ee728b)  -> (artifact id: '9b19c37a529d3c9ddef023bf1cb6a555') in 0.003367 seconds
  Import took 0.006873 seconds .

========================================================================
Received Import Request.
  Time since last request: 0.003208 seconds.
  path: Assets/2D SpritePack/2DPlatformerPack/Tree_3.png
  artifactKey: Guid(597a52d7cb2210541ac9ef8e99f71e76) Importer(815301076,1909f56bfc062723c751e8b465ee728b)
Start importing Assets/2D SpritePack/2DPlatformerPack/Tree_3.png using Guid(597a52d7cb2210541ac9ef8e99f71e76) Importer(815301076,1909f56bfc062723c751e8b465ee728b)  -> (artifact id: '448cd8789f37ba48288067c67ee6d692') in 0.041514 seconds
  Import took 0.047364 seconds .

========================================================================
Received Import Request.
  Time since last request: 0.002294 seconds.
  path: Assets/Wizard - 2D Character/Animations/Run.anim
  artifactKey: Guid(43683e55fc88c4e4585dd2017868490d) Importer(815301076,1909f56bfc062723c751e8b465ee728b)
Start importing Assets/Wizard - 2D Character/Animations/Run.anim using Guid(43683e55fc88c4e4585dd2017868490d) Importer(815301076,1909f56bfc062723c751e8b465ee728b)  -> (artifact id: '4a533faa0bfb6d69b5095d7533204d7d') in 0.005214 seconds
  Import took 0.009072 seconds .

========================================================================
Received Import Request.
  Time since last request: 0.002141 seconds.
  path: Assets/2D SpritePack/2DPlatformerPack/Platform_4.png
  artifactKey: Guid(c5b62c192ac41184d9945a978deabdda) Importer(815301076,1909f56bfc062723c751e8b465ee728b)
Start importing Assets/2D SpritePack/2DPlatformerPack/Platform_4.png using Guid(c5b62c192ac41184d9945a978deabdda) Importer(815301076,1909f56bfc062723c751e8b465ee728b)  -> (artifact id: '9f36ab925c39e9fb32f4610ce536c52c') in 0.012520 seconds
  Import took 0.016800 seconds .

========================================================================
Received Import Request.
  Time since last request: 0.002367 seconds.
  path: Assets/2D SpritePack/2DPlatformerPack/Island_2.png
  artifactKey: Guid(3b7045e28cd06f645a2dee50a47e731e) Importer(815301076,1909f56bfc062723c751e8b465ee728b)
Start importing Assets/2D SpritePack/2DPlatformerPack/Island_2.png using Guid(3b7045e28cd06f645a2dee50a47e731e) Importer(815301076,1909f56bfc062723c751e8b465ee728b)  -> (artifact id: 'e49cfcb2be0cc97e532134be75434bda') in 0.030206 seconds
  Import took 0.036763 seconds .

========================================================================
Received Import Request.
  Time since last request: 0.001977 seconds.
  path: Assets/2D SpritePack/2DPlatformerPack/Tree_2.png
  artifactKey: Guid(fd39d90f98bd5214b9f7709a4179374c) Importer(815301076,1909f56bfc062723c751e8b465ee728b)
Start importing Assets/2D SpritePack/2DPlatformerPack/Tree_2.png using Guid(fd39d90f98bd5214b9f7709a4179374c) Importer(815301076,1909f56bfc062723c751e8b465ee728b)  -> (artifact id: '3f3e3fba7a59f7cd09da135d64d1b745') in 0.037670 seconds
  Import took 0.043510 seconds .

========================================================================
Received Import Request.
  Time since last request: 0.003089 seconds.
  path: Assets/2D SpritePack/Demo/Prefabs/Saw_3.prefab
  artifactKey: Guid(8ab875319b7f25a44b27b9e1b0056a24) Importer(815301076,1909f56bfc062723c751e8b465ee728b)
Start importing Assets/2D SpritePack/Demo/Prefabs/Saw_3.prefab using Guid(8ab875319b7f25a44b27b9e1b0056a24) Importer(815301076,1909f56bfc062723c751e8b465ee728b)  -> (artifact id: '7a8d6401acf77602bbedc5d5c97a0a68') in 0.015768 seconds
  Import took 0.020239 seconds .

========================================================================
Received Import Request.
  Time since last request: 0.004253 seconds.
  path: Assets/Wizard - 2D Character/Animations/Wizard Demo.controller
  artifactKey: Guid(fe79526b5cda9684bbfddbfe18a7f75c) Importer(815301076,1909f56bfc062723c751e8b465ee728b)
Start importing Assets/Wizard - 2D Character/Animations/Wizard Demo.controller using Guid(fe79526b5cda9684bbfddbfe18a7f75c) Importer(815301076,1909f56bfc062723c751e8b465ee728b)  -> (artifact id: 'f8f025d8e47d313d6824cef5a1a5a08e') in 0.207479 seconds
  Import took 0.211148 seconds .

========================================================================
Received Import Request.
  Time since last request: 0.001761 seconds.
  path: Assets/2D SpritePack/Demo/Prefabs/Saw_2.prefab
  artifactKey: Guid(9cf2479e3421d514fb5f4de4b38b66a6) Importer(815301076,1909f56bfc062723c751e8b465ee728b)
Start importing Assets/2D SpritePack/Demo/Prefabs/Saw_2.prefab using Guid(9cf2479e3421d514fb5f4de4b38b66a6) Importer(815301076,1909f56bfc062723c751e8b465ee728b)  -> (artifact id: '9ff2fcecf8d6fd7e3b4681044336ea1b') in 0.012042 seconds
  Import took 0.015267 seconds .

========================================================================
Received Import Request.
  Time since last request: 0.003264 seconds.
  path: Assets/Wizard - 2D Character/Animations/Idle.anim
  artifactKey: Guid(733669d2740ab8844bfabbf8a2ac6742) Importer(815301076,1909f56bfc062723c751e8b465ee728b)
Start importing Assets/Wizard - 2D Character/Animations/Idle.anim using Guid(733669d2740ab8844bfabbf8a2ac6742) Importer(815301076,1909f56bfc062723c751e8b465ee728b)  -> (artifact id: '836eb0cb693411f2013b3f2a8e1d9796') in 0.002786 seconds
  Import took 0.006012 seconds .

========================================================================
Received Import Request.
  Time since last request: 0.002828 seconds.
  path: Assets/Wizard - 2D Character/Animations/LookUp.anim
  artifactKey: Guid(9d382f53c189c8f49a4ce27b100a79b8) Importer(815301076,1909f56bfc062723c751e8b465ee728b)
Start importing Assets/Wizard - 2D Character/Animations/LookUp.anim using Guid(9d382f53c189c8f49a4ce27b100a79b8) Importer(815301076,1909f56bfc062723c751e8b465ee728b)  -> (artifact id: '0e702ad94ec0ea2c81957277241f5aaa') in 0.003119 seconds
  Import took 0.006919 seconds .

========================================================================
Received Import Request.
  Time since last request: 0.002713 seconds.
  path: Assets/2D SpritePack/2DPlatformerPack/Island_1.png
  artifactKey: Guid(8428c48e20b5fbd4cb30bfcd8dad9f55) Importer(815301076,1909f56bfc062723c751e8b465ee728b)
Start importing Assets/2D SpritePack/2DPlatformerPack/Island_1.png using Guid(8428c48e20b5fbd4cb30bfcd8dad9f55) Importer(815301076,1909f56bfc062723c751e8b465ee728b)  -> (artifact id: 'a976eca6a5e9bb59f6d9f4c17b0c9b90') in 0.026107 seconds
  Import took 0.031818 seconds .

========================================================================
Received Import Request.
  Time since last request: 0.004044 seconds.
  path: Assets/2D SpritePack/2DPlatformerPack/Mountain_1.png
  artifactKey: Guid(54df9bb36e1444349a057dd2b2216adb) Importer(815301076,1909f56bfc062723c751e8b465ee728b)
Start importing Assets/2D SpritePack/2DPlatformerPack/Mountain_1.png using Guid(54df9bb36e1444349a057dd2b2216adb) Importer(815301076,1909f56bfc062723c751e8b465ee728b)  -> (artifact id: '95d91e59ee5b3fbf35a8e9d3023178f8') in 0.029150 seconds
  Import took 0.033706 seconds .

========================================================================
Received Import Request.
  Time since last request: 0.002246 seconds.
  path: Assets/2D SpritePack/Demo/Prefabs/Platform_3.prefab
  artifactKey: Guid(3c810389937833b418277de0d710b1a9) Importer(815301076,1909f56bfc062723c751e8b465ee728b)
Start importing Assets/2D SpritePack/Demo/Prefabs/Platform_3.prefab using Guid(3c810389937833b418277de0d710b1a9) Importer(815301076,1909f56bfc062723c751e8b465ee728b)  -> (artifact id: 'aa24d7ec25ec5de9dd821dd9a2e6db93') in 0.007721 seconds
  Import took 0.011129 seconds .

========================================================================
Received Import Request.
  Time since last request: 0.002117 seconds.
  path: Assets/2D SpritePack/Demo/Prefabs/Island_1.prefab
  artifactKey: Guid(a468dafd46efc3949a72c1de321c613e) Importer(815301076,1909f56bfc062723c751e8b465ee728b)
Start importing Assets/2D SpritePack/Demo/Prefabs/Island_1.prefab using Guid(a468dafd46efc3949a72c1de321c613e) Importer(815301076,1909f56bfc062723c751e8b465ee728b)  -> (artifact id: 'b3da8520e3cd6be6a3cd4830f6bcb7c9') in 0.012787 seconds
  Import took 0.016722 seconds .

========================================================================
Received Import Request.
  Time since last request: 0.004737 seconds.
  path: Assets/2D SpritePack/Demo/Prefabs/Platform_4.prefab
  artifactKey: Guid(f446f90bf5db86948b37b95b4f762980) Importer(815301076,1909f56bfc062723c751e8b465ee728b)
Start importing Assets/2D SpritePack/Demo/Prefabs/Platform_4.prefab using Guid(f446f90bf5db86948b37b95b4f762980) Importer(815301076,1909f56bfc062723c751e8b465ee728b)  -> (artifact id: '91eef265f54262bdd4907c37e2013e7a') in 0.007735 seconds
  Import took 0.011802 seconds .

========================================================================
Received Import Request.
  Time since last request: 0.001950 seconds.
  path: Assets/2D SpritePack/2DPlatformerPack/Bush_2.png
  artifactKey: Guid(a1c3c918ee5d5ad468ddf0ebe36619b9) Importer(815301076,1909f56bfc062723c751e8b465ee728b)
Start importing Assets/2D SpritePack/2DPlatformerPack/Bush_2.png using Guid(a1c3c918ee5d5ad468ddf0ebe36619b9) Importer(815301076,1909f56bfc062723c751e8b465ee728b)  -> (artifact id: 'f91f4b2f9c51c71b4a7bf6a79dd3b95c') in 0.015381 seconds
  Import took 0.018331 seconds .

========================================================================
Received Import Request.
  Time since last request: 0.003463 seconds.
  path: Assets/2D SpritePack/2DPlatformerPack/Saw_1.png
  artifactKey: Guid(98189ce31b0c4d9478c0874e107d19d4) Importer(815301076,1909f56bfc062723c751e8b465ee728b)
Start importing Assets/2D SpritePack/2DPlatformerPack/Saw_1.png using Guid(98189ce31b0c4d9478c0874e107d19d4) Importer(815301076,1909f56bfc062723c751e8b465ee728b)  -> (artifact id: 'f09b33beaf638655d259cd253ad3d93f') in 0.020071 seconds
  Import took 0.023836 seconds .

========================================================================
Received Import Request.
  Time since last request: 0.002897 seconds.
  path: Assets/2D SpritePack/2DPlatformerPack/Portal.png
  artifactKey: Guid(2ab3265028b0e9041b7740917c2a83c8) Importer(815301076,1909f56bfc062723c751e8b465ee728b)
Start importing Assets/2D SpritePack/2DPlatformerPack/Portal.png using Guid(2ab3265028b0e9041b7740917c2a83c8) Importer(815301076,1909f56bfc062723c751e8b465ee728b)  -> (artifact id: '9a444fcfe0b8c2c3987200004996b9c8') in 0.026005 seconds
  Import took 0.029774 seconds .

========================================================================
Received Import Request.
  Time since last request: 0.002044 seconds.
  path: Assets/2D SpritePack/Demo/Prefabs/Saw_1.prefab
  artifactKey: Guid(30b535c0655b76b4dae176b271b46d26) Importer(815301076,1909f56bfc062723c751e8b465ee728b)
Start importing Assets/2D SpritePack/Demo/Prefabs/Saw_1.prefab using Guid(30b535c0655b76b4dae176b271b46d26) Importer(815301076,1909f56bfc062723c751e8b465ee728b)  -> (artifact id: '4d9c8e77584d90300f402a951590123b') in 0.010056 seconds
  Import took 0.013953 seconds .

========================================================================
Received Import Request.
  Time since last request: 0.001985 seconds.
  path: Assets/2D SpritePack/2DPlatformerPack/Saw_2.png
  artifactKey: Guid(ddcfab399db0f8d459f71eaa2239bdd6) Importer(815301076,1909f56bfc062723c751e8b465ee728b)
Start importing Assets/2D SpritePack/2DPlatformerPack/Saw_2.png using Guid(ddcfab399db0f8d459f71eaa2239bdd6) Importer(815301076,1909f56bfc062723c751e8b465ee728b)  -> (artifact id: '54ee23ae3405ed1ec11677be30aa9c08') in 0.009209 seconds
  Import took 0.012714 seconds .

========================================================================
Received Import Request.
  Time since last request: 0.001954 seconds.
  path: Assets/2D SpritePack/Demo/Prefabs/Box.prefab
  artifactKey: Guid(95bc5ada4040cbb439949210a412bc2c) Importer(815301076,1909f56bfc062723c751e8b465ee728b)
Start importing Assets/2D SpritePack/Demo/Prefabs/Box.prefab using Guid(95bc5ada4040cbb439949210a412bc2c) Importer(815301076,1909f56bfc062723c751e8b465ee728b)  -> (artifact id: '96d529c353324a9732a6681c37e41967') in 0.010580 seconds
  Import took 0.014147 seconds .

========================================================================
Received Import Request.
  Time since last request: 750.447623 seconds.
  path: Assets/Wizard - 2D Character/Wizard.prefab
  artifactKey: Guid(ebea5f8b8163f9a4ab9d9a1b45444e28) Importer(815301076,1909f56bfc062723c751e8b465ee728b)
Start importing Assets/Wizard - 2D Character/Wizard.prefab using Guid(ebea5f8b8163f9a4ab9d9a1b45444e28) Importer(815301076,1909f56bfc062723c751e8b465ee728b)  -> (artifact id: 'c804e1b6b9ea431e48a480c44922193e') in 0.025486 seconds
  Import took 0.030112 seconds .

========================================================================
Received Import Request.
  Time since last request: 0.043658 seconds.
  path: Assets/Wizard - 2D Character/Wizard.prefab
  artifactKey: Guid(ebea5f8b8163f9a4ab9d9a1b45444e28) Importer(815301076,1909f56bfc062723c751e8b465ee728b)
Start importing Assets/Wizard - 2D Character/Wizard.prefab using Guid(ebea5f8b8163f9a4ab9d9a1b45444e28) Importer(815301076,1909f56bfc062723c751e8b465ee728b)  -> (artifact id: 'c804e1b6b9ea431e48a480c44922193e') in 0.027294 seconds
  Import took 0.032341 seconds .

========================================================================
Received Import Request.
  Time since last request: 6.280090 seconds.
  path: Assets/Wizard - 2D Character
  artifactKey: Guid(643d27fe996524664ac87eec253e3d59) Importer(815301076,1909f56bfc062723c751e8b465ee728b)
Start importing Assets/Wizard - 2D Character using Guid(643d27fe996524664ac87eec253e3d59) Importer(815301076,1909f56bfc062723c751e8b465ee728b)  -> (artifact id: 'a6193fc87cced9ba7ef93a0a96b59999') in 0.001312 seconds
  Import took 0.006199 seconds .

========================================================================
Received Import Request.
  Time since last request: 0.001713 seconds.
  path: Assets/Wizard - 2D Character
  artifactKey: Guid(643d27fe996524664ac87eec253e3d59) Importer(815301076,1909f56bfc062723c751e8b465ee728b)
Start importing Assets/Wizard - 2D Character using Guid(643d27fe996524664ac87eec253e3d59) Importer(815301076,1909f56bfc062723c751e8b465ee728b)  -> (artifact id: 'a6193fc87cced9ba7ef93a0a96b59999') in 0.001384 seconds
  Import took 0.005696 seconds .

========================================================================
Received Import Request.
  Time since last request: 60.519934 seconds.
  path: Assets/Wizard - 2D Character/Demo/Wizard Variant.prefab
  artifactKey: Guid(904d0b8c28276a64c8101ddedd894d57) Importer(815301076,1909f56bfc062723c751e8b465ee728b)
Start importing Assets/Wizard - 2D Character/Demo/Wizard Variant.prefab using Guid(904d0b8c28276a64c8101ddedd894d57) Importer(815301076,1909f56bfc062723c751e8b465ee728b)  -> (artifact id: 'de2fa8b6b62693053c7ca0836bc5731d') in 0.026069 seconds
  Import took 0.030977 seconds .

AssetImportWorkerClient::OnTransportError - code=2 error=End of file
